1/20/2023 10:10:11 AM	This log contains information about the import schema operation into project 'DainiusDB' on computer 'LAP-CV559S3' by user 'dvaluzis-la'.
1/20/2023 10:10:11 AM	Import of database schema has started.
1/20/2023 10:10:14 AM	Gathering database credentials
1/20/2023 10:10:14 AM	Gathering database options
1/20/2023 10:10:14 AM	Gathering generic database scoped configuration option
1/20/2023 10:10:14 AM	Gathering users
1/20/2023 10:10:15 AM	Gathering roles
1/20/2023 10:10:15 AM	Gathering application roles
1/20/2023 10:10:15 AM	Gathering role memberships
1/20/2023 10:10:15 AM	Gathering filegroups
1/20/2023 10:10:15 AM	Gathering full-text catalogs
1/20/2023 10:10:15 AM	Gathering assemblies
1/20/2023 10:10:15 AM	Gathering certificates
1/20/2023 10:10:15 AM	Gathering asymmetric keys
1/20/2023 10:10:15 AM	Gathering symmetric keys
1/20/2023 10:10:15 AM	Gathering encrypted symmetric keys
1/20/2023 10:10:15 AM	Gathering schemas
1/20/2023 10:10:15 AM	Gathering XML schema collections
1/20/2023 10:10:15 AM	Gathering user-defined data types
1/20/2023 10:10:15 AM	Gathering user-defined types
1/20/2023 10:10:15 AM	Gathering table types
1/20/2023 10:10:15 AM	Gathering unique keys for table types
1/20/2023 10:10:15 AM	Gathering primary keys for table types
1/20/2023 10:10:15 AM	Gathering indexes for table types
1/20/2023 10:10:15 AM	Gathering check constraints for table types
1/20/2023 10:10:15 AM	Gathering default constraints for table types
1/20/2023 10:10:15 AM	Gathering partition functions
1/20/2023 10:10:15 AM	Gathering partition schemes
1/20/2023 10:10:15 AM	Gathering functions
1/20/2023 10:10:15 AM	Gathering encrypted functions
1/20/2023 10:10:15 AM	Gathering aggregates
1/20/2023 10:10:15 AM	Gathering procedures
1/20/2023 10:10:15 AM	Gathering encrypted procedures
1/20/2023 10:10:15 AM	Gathering tables
1/20/2023 10:10:15 AM	Gathering primary keys
1/20/2023 10:10:15 AM	Gathering unique constraints
1/20/2023 10:10:15 AM	Gathering foreign keys
1/20/2023 10:10:15 AM	Gathering default constraints
1/20/2023 10:10:15 AM	Gathering check constraints
1/20/2023 10:10:15 AM	Gathering views
1/20/2023 10:10:15 AM	Gathering encrypted views
1/20/2023 10:10:15 AM	Gathering indexes
1/20/2023 10:10:15 AM	Gathering statistics
1/20/2023 10:10:15 AM	Gathering full-text index stoplists
1/20/2023 10:10:15 AM	Gathering search property lists
1/20/2023 10:10:15 AM	Gathering search properties
1/20/2023 10:10:15 AM	Gathering full-text indexes
1/20/2023 10:10:15 AM	Gathering column store indexes
1/20/2023 10:10:15 AM	Gathering spatial indexes
1/20/2023 10:10:15 AM	Gathering XML indexes
1/20/2023 10:10:15 AM	Gathering Selective XML indexes
1/20/2023 10:10:15 AM	Gathering encrypted triggers
1/20/2023 10:10:15 AM	Gathering triggers
1/20/2023 10:10:15 AM	Gathering encrypted and clr ddl triggers
1/20/2023 10:10:15 AM	Gathering ddl triggers
1/20/2023 10:10:15 AM	Creating edge constraints
1/20/2023 10:10:15 AM	Gathering synonyms
1/20/2023 10:10:15 AM	Gathering defaults
1/20/2023 10:10:15 AM	Gathering data constraint uddt bindings
1/20/2023 10:10:15 AM	Gathering rules
1/20/2023 10:10:15 AM	Gathering data constraint uddt bindings
1/20/2023 10:10:15 AM	Gathering message types
1/20/2023 10:10:15 AM	Gathering queues
1/20/2023 10:10:15 AM	Gathering contracts
1/20/2023 10:10:15 AM	Gathering services
1/20/2023 10:10:15 AM	Gathering event notifications
1/20/2023 10:10:15 AM	Gathering remote service bindings
1/20/2023 10:10:15 AM	Gathering broker priorities
1/20/2023 10:10:15 AM	Gathering signatures
1/20/2023 10:10:15 AM	Gathering data compression options
1/20/2023 10:10:15 AM	Gathering sequence types
1/20/2023 10:10:15 AM	Gathering security policies
1/20/2023 10:10:15 AM	Gather column encryption keys
1/20/2023 10:10:15 AM	Gathering column master keys
1/20/2023 10:10:15 AM	Gathering external data sources
1/20/2023 10:10:15 AM	Gathering external file formats
1/20/2023 10:10:15 AM	Gathering external tables
1/20/2023 10:10:15 AM	Gathering extended properties
1/20/2023 10:10:15 AM	Gathering assemblies
1/20/2023 10:10:15 AM	Gathering credentials
1/20/2023 10:10:15 AM	Gathering logins
1/20/2023 10:10:15 AM	Gathering server audits
1/20/2023 10:10:15 AM	Scanning project for duplicate elements
1/20/2023 10:10:15 AM	Finished duplicate element processing
1/20/2023 10:10:15 AM	Finished importing database.
1/20/2023 10:10:15 AM	A summary of the import was saved to the following location: C:\OpSec\DainiusDB\DainiusDB\Import Schema Logs\DainiusDB_20230120081011.log
1/20/2023 10:10:15 AM	Click Finish to continue...
